<?xml version="1.0" encoding="UTF-8"?>
<beans xmlns="http://www.springframework.org/schema/beans"
        xmlns:xsi="http://www.w3.org/2001/XMLSchema-instance"
        xmlns:context="http://www.springframework.org/schema/context"
        xmlns:jaxws="http://cxf.apache.org/jaxws"
        xsi:schemaLocation="
        http://www.springframework.org/schema/context
        http://www.springframework.org/schema/context/spring-context.xsd
        http://www.springframework.org/schema/beans http://www.springframework.org/schema/beans/spring-beans.xsd
        http://cxf.apache.org/jaxws http://cxf.apache.org/schemas/jaxws.xsd">

        <import resource="classpath:META-INF/cxf/cxf.xml" />

		<context:component-scan base-package="com.pluralsight.cxfdemo"></context:component-scan>
        
        <bean id="defaultOrdersEndpoint" class="com.pluralsight.cxfdemo.orders.DefaultOrdersEndpoint" />
        
        <jaxws:server 
        	id="testOrdersServer"
        	address="http://localhost:9000/apache-cxf-jax-ws-demo/services/orders"
        	serviceBean="#defaultOrdersEndpoint"
        	serviceClass="com.pluralsight.service.orders.Orders"
        >
        
        	<jaxws:inInterceptors>
        		<ref bean="loggingInInterceptor"/>
        		<ref bean="orderServiceSoapHeaderInterceptor"/>
        	</jaxws:inInterceptors>

        	<jaxws:outFaultInterceptors>
        		<ref bean="orderServiceSoapOutFaultInterceptor" />
        	</jaxws:outFaultInterceptors>
        	<jaxws:inFaultInterceptors>
        		<ref bean="orderServiceSoapInFaultInterceptor" />
        	</jaxws:inFaultInterceptors>
        	<jaxws:outInterceptors>
        		<ref bean="loggingOutInterceptor"/>
        		<ref bean="orderServiceSoapHeaderOutInterceptor2"/>
        	</jaxws:outInterceptors>
        
        </jaxws:server>
        
        <bean id="loggingInInterceptor" class="org.apache.cxf.interceptor.LoggingInInterceptor" />
        <bean id="loggingOutInterceptor" class="org.apache.cxf.interceptor.LoggingOutInterceptor" />
          
       	<bean id="orderServiceSoapHeaderInterceptor" class="com.pluralsight.cxfdemo.interceptor.OrderServiceSoapHeaderInterceptor" />
        <bean id="orderServiceSoapHeaderOutInterceptor" class="com.pluralsight.cxfdemo.interceptor.OrderServiceSoapHeaderOutInterceptor" />
        <bean id="orderServiceSoapHeaderInterceptor2" class="com.pluralsight.cxfdemo.interceptor.OrderServiceSoapHeaderInterceptor2" />
        <bean id="orderServiceSoapHeaderOutInterceptor2" class="com.pluralsight.cxfdemo.interceptor.OrderServiceSoapHeaderOutInterceptor2" />
        <bean id="orderServiceSoapInFaultInterceptor" class="com.pluralsight.cxfdemo.interceptor.OrderServiceSoapInFaultInterceptor" />
        <bean id="orderServiceSoapOutFaultInterceptor" class="com.pluralsight.cxfdemo.interceptor.OrdersServiceSoapOutFaultInterceptor" />
        <jaxws:client 
        	id="testOrdersClient"
        	address="http://localhost:9000/apache-cxf-jax-ws-demo/services/orders"
        	serviceClass="com.pluralsight.service.orders.Orders"
        >
       
        	<jaxws:inInterceptors>
        		<ref bean="loggingInInterceptor"/>
        		<ref bean="orderServiceSoapHeaderInterceptor2"/>
        	</jaxws:inInterceptors>
        	
        	<jaxws:outInterceptors>
        		<ref bean="loggingOutInterceptor"/>
        		<ref bean="orderServiceSoapHeaderOutInterceptor"/>
        	</jaxws:outInterceptors>
        
        </jaxws:client>  
          
</beans>
